[debug] [2025-09-01T14:31:26.215Z] ----------------------------------------------------------------------
[debug] [2025-09-01T14:31:26.219Z] Command:       C:\Program Files\nodejs\node.exe C:\Users\warms\AppData\Roaming\npm\node_modules\firebase-tools\lib\bin\firebase.js deploy --only hosting
[debug] [2025-09-01T14:31:26.220Z] CLI Version:   14.8.0
[debug] [2025-09-01T14:31:26.220Z] Platform:      win32
[debug] [2025-09-01T14:31:26.220Z] Node Version:  v22.14.0
[debug] [2025-09-01T14:31:26.220Z] Time:          Mon Sep 01 2025 16:31:26 GMT+0200 (Midden-Europese zomertijd)
[debug] [2025-09-01T14:31:26.221Z] ----------------------------------------------------------------------
[debug] 
[debug] [2025-09-01T14:31:26.224Z] >>> [apiv2][query] GET https://firebase-public.firebaseio.com/cli.json [none]
[debug] [2025-09-01T14:31:26.560Z] > command requires scopes: ["email","openid","https://www.googleapis.com/auth/cloudplatformprojects.readonly","https://www.googleapis.com/auth/firebase","https://www.googleapis.com/auth/cloud-platform"]
[debug] [2025-09-01T14:31:26.560Z] > authorizing via signed-in user (trimmerke@outlook.com)
[debug] [2025-09-01T14:31:26.560Z] [iam] checking project website for permissions ["firebase.projects.get","firebasehosting.sites.update"]
[debug] [2025-09-01T14:31:26.561Z] Checked if tokens are valid: false, expires at: 1751446797186
[debug] [2025-09-01T14:31:26.562Z] Checked if tokens are valid: false, expires at: 1751446797186
[debug] [2025-09-01T14:31:26.562Z] > refreshing access token with scopes: []
[debug] [2025-09-01T14:31:26.563Z] >>> [apiv2][query] POST https://www.googleapis.com/oauth2/v3/token [none]
[debug] [2025-09-01T14:31:26.563Z] >>> [apiv2][body] POST https://www.googleapis.com/oauth2/v3/token [omitted]
[debug] [2025-09-01T14:31:26.740Z] <<< [apiv2][status] POST https://www.googleapis.com/oauth2/v3/token 200
[debug] [2025-09-01T14:31:26.740Z] <<< [apiv2][body] POST https://www.googleapis.com/oauth2/v3/token [omitted]
[debug] [2025-09-01T14:31:26.748Z] >>> [apiv2][query] POST https://cloudresourcemanager.googleapis.com/v1/projects/website:testIamPermissions [none]
[debug] [2025-09-01T14:31:26.749Z] >>> [apiv2][(partial)header] POST https://cloudresourcemanager.googleapis.com/v1/projects/website:testIamPermissions x-goog-quota-user=projects/website
[debug] [2025-09-01T14:31:26.749Z] >>> [apiv2][body] POST https://cloudresourcemanager.googleapis.com/v1/projects/website:testIamPermissions {"permissions":["firebase.projects.get","firebasehosting.sites.update"]}
[debug] [2025-09-01T14:31:26.868Z] <<< [apiv2][status] GET https://firebase-public.firebaseio.com/cli.json 200
[debug] [2025-09-01T14:31:26.869Z] <<< [apiv2][body] GET https://firebase-public.firebaseio.com/cli.json {"cloudBuildErrorAfter":1594252800000,"cloudBuildWarnAfter":1590019200000,"defaultNode10After":1594252800000,"minVersion":"3.0.5","node8DeploysDisabledAfter":1613390400000,"node8RuntimeDisabledAfter":1615809600000,"node8WarnAfter":1600128000000}
[debug] [2025-09-01T14:31:27.722Z] <<< [apiv2][status] POST https://cloudresourcemanager.googleapis.com/v1/projects/website:testIamPermissions 200
[debug] [2025-09-01T14:31:27.722Z] <<< [apiv2][body] POST https://cloudresourcemanager.googleapis.com/v1/projects/website:testIamPermissions {}
[debug] [2025-09-01T14:31:27.723Z] [iam] error while checking permissions, command may fail: Authorization failed. This account is missing the following required permissions on project website:

  firebase.projects.get
  firebasehosting.sites.update
[debug] [2025-09-01T14:31:27.724Z] Checked if tokens are valid: true, expires at: 1756740685741
[debug] [2025-09-01T14:31:27.724Z] Checked if tokens are valid: true, expires at: 1756740685741
[debug] [2025-09-01T14:31:27.725Z] >>> [apiv2][query] GET https://firebase.googleapis.com/v1beta1/projects/website [none]
[debug] [2025-09-01T14:31:28.252Z] <<< [apiv2][status] GET https://firebase.googleapis.com/v1beta1/projects/website 403
[debug] [2025-09-01T14:31:28.253Z] <<< [apiv2][body] GET https://firebase.googleapis.com/v1beta1/projects/website {"error":{"code":403,"message":"The caller does not have permission","status":"PERMISSION_DENIED"}}
[debug] [2025-09-01T14:31:28.254Z] Request to https://firebase.googleapis.com/v1beta1/projects/website had HTTP Error: 403, The caller does not have permission
[debug] [2025-09-01T14:31:28.255Z] FirebaseError: Request to https://firebase.googleapis.com/v1beta1/projects/website had HTTP Error: 403, The caller does not have permission
    at responseToError (C:\Users\warms\AppData\Roaming\npm\node_modules\firebase-tools\lib\responseToError.js:52:12)
    at RetryOperation._fn (C:\Users\warms\AppData\Roaming\npm\node_modules\firebase-tools\lib\apiv2.js:312:77)
    at process.processTicksAndRejections (node:internal/process/task_queues:105:5)
[error] 
[error] Error: Failed to get Firebase project website. Please make sure the project exists and your account has permission to access it.
